#
# There is insufficient memory for the Java Runtime Environment to continue.
# Native memory allocation (malloc) failed to allocate 131088 bytes for Chunk::new
# Possible reasons:
#   The system is out of physical RAM or swap space
#   The process is running with CompressedOops enabled, and the Java Heap may be blocking the growth of the native heap
# Possible solutions:
#   Reduce memory load on the system
#   Increase physical memory or swap space
#   Check if swap backing store is full
#   Decrease Java heap size (-Xmx/-Xms)
#   Decrease number of Java threads
#   Decrease Java thread stack sizes (-Xss)
#   Set larger code cache with -XX:ReservedCodeCacheSize=
#   JVM is running with Unscaled Compressed Oops mode in which the Java heap is
#     placed in the first 4GB address space. The Java Heap base address is the
#     maximum limit for the native heap growth. Please use -XX:HeapBaseMinAddress
#     to set the Java Heap base and to place the Java Heap above 4GB virtual address.
# This output file may be truncated or incomplete.
#
#  Out of Memory Error (arena.cpp:189), pid=2924, tid=20808
#
# JRE version: Java(TM) SE Runtime Environment (17.0.8+9) (build 17.0.8+9-LTS-211)
# Java VM: Java HotSpot(TM) 64-Bit Server VM (17.0.8+9-LTS-211, mixed mode, sharing, tiered, compressed oops, compressed class ptrs, g1 gc, windows-amd64)
# No core dump will be written. Minidumps are not enabled by default on client versions of Windows
#

---------------  S U M M A R Y ------------

Command Line: -ea -Didea.test.cyclic.buffer.size=1048576 -javaagent:C:\Program Files\JetBrains\IntelliJ IDEA Community Edition 2023.2.2\lib\idea_rt.jar=49494:C:\Program Files\JetBrains\IntelliJ IDEA Community Edition 2023.2.2\bin -Dfile.encoding=UTF-8 com.intellij.rt.junit.JUnitStarter -ideVersion5 -junit4 testsuite.LoginTest,userSholdLoginSuccessfullyWithValid

Host: Intel(R) Core(TM) i5-3230M CPU @ 2.60GHz, 4 cores, 7G,  Windows 10 , 64 bit Build 19041 (10.0.19041.3636)
Time: Sun Nov 19 20:27:37 2023 GMT Standard Time elapsed time: 5.714073 seconds (0d 0h 0m 5s)

---------------  T H R E A D  ---------------

Current thread (0x000002307756aa30):  JavaThread "C2 CompilerThread0" daemon [_thread_in_native, id=20808, stack(0x000000ebbdf00000,0x000000ebbe000000)]


Current CompileTask:
C2:   5714 1657       4       java.lang.invoke.MethodType::makeImpl (109 bytes)

Stack: [0x000000ebbdf00000,0x000000ebbe000000]
Native frames: (J=compiled Java code, j=interpreted, Vv=VM code, C=native code)
V  [jvm.dll+0x677d0a]
V  [jvm.dll+0x7d8c54]
V  [jvm.dll+0x7da3fe]
V  [jvm.dll+0x7daa63]
V  [jvm.dll+0x245c5f]
V  [jvm.dll+0xaaa6b]
V  [jvm.dll+0xab00c]
V  [jvm.dll+0xaab84]
V  [jvm.dll+0x6565ec]
V  [jvm.dll+0x222661]
V  [jvm.dll+0x21921a]
V  [jvm.dll+0x217329]
V  [jvm.dll+0x1a3af0]
V  [jvm.dll+0x2270be]
V  [jvm.dll+0x22535b]
V  [jvm.dll+0x78e7bc]
V  [jvm.dll+0x788bba]
V  [jvm.dll+0x676b35]
C  [ucrtbase.dll+0x21bb2]
C  [KERNEL32.DLL+0x17344]
C  [ntdll.dll+0x526b1]


---------------  P R O C E S S  ---------------

Threads class SMR info:
_java_thread_list=0x000002307c4be630, length=23, elements={
0x0000023059cfe830, 0x000002307754f030, 0x0000023077550550, 0x0000023077560080,
0x0000023077564f90, 0x0000023077565c00, 0x00000230775664e0, 0x000002307756aa30,
0x000002307756eea0, 0x00000230775cea70, 0x00000230777911e0, 0x000002307787bf20,
0x0000023077820ea0, 0x000002307c267440, 0x000002307c4890d0, 0x000002307c485f10,
0x000002307c3d6050, 0x000002307c3d6520, 0x000002307c406540, 0x000002307c406e90,
0x000002307c53cf00, 0x000002307c53c090, 0x000002307c53f580
}

Java Threads: ( => current thread )
  0x0000023059cfe830 JavaThread "main" [_thread_in_Java, id=24260, stack(0x000000ebbd200000,0x000000ebbd300000)]
  0x000002307754f030 JavaThread "Reference Handler" daemon [_thread_blocked, id=11412, stack(0x000000ebbd900000,0x000000ebbda00000)]
  0x0000023077550550 JavaThread "Finalizer" daemon [_thread_blocked, id=17776, stack(0x000000ebbda00000,0x000000ebbdb00000)]
  0x0000023077560080 JavaThread "Signal Dispatcher" daemon [_thread_blocked, id=15640, stack(0x000000ebbdb00000,0x000000ebbdc00000)]
  0x0000023077564f90 JavaThread "Attach Listener" daemon [_thread_blocked, id=2312, stack(0x000000ebbdc00000,0x000000ebbdd00000)]
  0x0000023077565c00 JavaThread "Service Thread" daemon [_thread_blocked, id=24192, stack(0x000000ebbdd00000,0x000000ebbde00000)]
  0x00000230775664e0 JavaThread "Monitor Deflation Thread" daemon [_thread_blocked, id=16516, stack(0x000000ebbde00000,0x000000ebbdf00000)]
=>0x000002307756aa30 JavaThread "C2 CompilerThread0" daemon [_thread_in_native, id=20808, stack(0x000000ebbdf00000,0x000000ebbe000000)]
  0x000002307756eea0 JavaThread "C1 CompilerThread0" daemon [_thread_blocked, id=21384, stack(0x000000ebbe000000,0x000000ebbe100000)]
  0x00000230775cea70 JavaThread "Sweeper thread" daemon [_thread_blocked, id=11200, stack(0x000000ebbe100000,0x000000ebbe200000)]
  0x00000230777911e0 JavaThread "Common-Cleaner" daemon [_thread_blocked, id=25508, stack(0x000000ebbe200000,0x000000ebbe300000)]
  0x000002307787bf20 JavaThread "Monitor Ctrl-Break" daemon [_thread_in_native, id=7968, stack(0x000000ebbe300000,0x000000ebbe400000)]
  0x0000023077820ea0 JavaThread "Notification Thread" daemon [_thread_blocked, id=25284, stack(0x000000ebbe400000,0x000000ebbe500000)]
  0x000002307c267440 JavaThread "ForkJoinPool.commonPool-worker-1" daemon [_thread_blocked, id=14404, stack(0x000000ebbe600000,0x000000ebbe700000)]
  0x000002307c4890d0 JavaThread "HttpClient-1-SelectorManager" daemon [_thread_in_native, id=12088, stack(0x000000ebbe700000,0x000000ebbe800000)]
  0x000002307c485f10 JavaThread "Thread-2" [_thread_in_native, id=6780, stack(0x000000ebbec00000,0x000000ebbed00000)]
  0x000002307c3d6050 JavaThread "Driver Service Executor" daemon [_thread_blocked, id=14904, stack(0x000000ebbed00000,0x000000ebbee00000)]
  0x000002307c3d6520 JavaThread "Driver Service Executor" daemon [_thread_in_native, id=15884, stack(0x000000ebbee00000,0x000000ebbef00000)]
  0x000002307c406540 JavaThread "UrlChecker-2" daemon [_thread_blocked, id=6796, stack(0x000000ebbef00000,0x000000ebbf000000)]
  0x000002307c406e90 JavaThread "Keep-Alive-Timer" daemon [_thread_blocked, id=23624, stack(0x000000ebbf100000,0x000000ebbf200000)]
  0x000002307c53cf00 JavaThread "pool-1-thread-1" [_thread_blocked, id=25676, stack(0x000000ebbf200000,0x000000ebbf300000)]
  0x000002307c53c090 JavaThread "pool-1-thread-2" [_thread_blocked, id=17428, stack(0x000000ebbf300000,0x000000ebbf400000)]
  0x000002307c53f580 JavaThread "pool-1-thread-3" [_thread_blocked, id=25380, stack(0x000000ebbf400000,0x000000ebbf500000)]

Other Threads:
  0x00000230775490c0 VMThread "VM Thread" [stack: 0x000000ebbd800000,0x000000ebbd900000] [id=22632]
  0x000002307787c3f0 WatcherThread [stack: 0x000000ebbe500000,0x000000ebbe600000] [id=24084]
  0x0000023059d572c0 GCTaskThread "GC Thread#0" [stack: 0x000000ebbd300000,0x000000ebbd400000] [id=21608]
  0x000002307c328480 GCTaskThread "GC Thread#1" [stack: 0x000000ebbe800000,0x000000ebbe900000] [id=2020]
  0x000002307c4331e0 GCTaskThread "GC Thread#2" [stack: 0x000000ebbe900000,0x000000ebbea00000] [id=16440]
  0x000002307c3610a0 GCTaskThread "GC Thread#3" [stack: 0x000000ebbea00000,0x000000ebbeb00000] [id=14328]
  0x0000023059d68d60 ConcurrentGCThread "G1 Main Marker" [stack: 0x000000ebbd400000,0x000000ebbd500000] [id=23028]
  0x0000023059d6a690 ConcurrentGCThread "G1 Conc#0" [stack: 0x000000ebbd500000,0x000000ebbd600000] [id=14964]
  0x0000023077410090 ConcurrentGCThread "G1 Refine#0" [stack: 0x000000ebbd600000,0x000000ebbd700000] [id=17660]
  0x000002307c433ca0 ConcurrentGCThread "G1 Refine#1" [stack: 0x000000ebbeb00000,0x000000ebbec00000] [id=1276]
  0x00000230774109c0 ConcurrentGCThread "G1 Service" [stack: 0x000000ebbd700000,0x000000ebbd800000] [id=19036]

Threads with active compile tasks:
C2 CompilerThread0     5754 1657       4       java.lang.invoke.MethodType::makeImpl (109 bytes)

VM state: not at safepoint (normal execution)

VM Mutex/Monitor currently owned by a thread: None

Heap address: 0x0000000081e00000, size: 2018 MB, Compressed Oops mode: 32-bit

CDS archive(s) mapped at: [0x0000023000000000-0x0000023000bd0000-0x0000023000bd0000), size 12386304, SharedBaseAddress: 0x0000023000000000, ArchiveRelocationMode: 1.
Compressed class space mapped at: 0x0000023001000000-0x0000023041000000, reserved size: 1073741824
Narrow klass base: 0x0000023000000000, Narrow klass shift: 0, Narrow klass range: 0x100000000

GC Precious Log:
 CPUs: 4 total, 4 available
 Memory: 8066M
 Large Page Support: Disabled
 NUMA Support: Disabled
 Compressed Oops: Enabled (32-bit)
 Heap Region Size: 1M
 Heap Min Capacity: 8M
 Heap Initial Capacity: 128M
 Heap Max Capacity: 2018M
 Pre-touch: Disabled
 Parallel Workers: 4
 Concurrent Workers: 1
 Concurrent Refinement Workers: 4
 Periodic GC: Disabled

Heap:
 garbage-first heap   total 131072K, used 12512K [0x0000000081e00000, 0x0000000100000000)
  region size 1024K, 7 young (7168K), 2 survivors (2048K)
 Metaspace       used 13290K, committed 13504K, reserved 1114112K
  class space    used 1647K, committed 1728K, reserved 1048576K

Heap Regions: E=young(eden), S=young(survivor), O=old, HS=humongous(starts), HC=humongous(continues), CS=collection set, F=free, OA=open archive, CA=closed archive, TAMS=top-at-mark-start (previous, next)
|   0|0x0000000081e00000, 0x0000000081f00000, 0x0000000081f00000|100%|HS|  |TAMS 0x0000000081e00000, 0x0000000081e00000| Complete 
|   1|0x0000000081f00000, 0x0000000082000000, 0x0000000082000000|100%|HC|  |TAMS 0x0000000081f00000, 0x0000000081f00000| Complete 
|   2|0x0000000082000000, 0x0000000082100000, 0x0000000082100000|100%|HC|  |TAMS 0x0000000082000000, 0x0000000082000000| Complete 
|   3|0x0000000082100000, 0x0000000082200000, 0x0000000082200000|100%| O|  |TAMS 0x0000000082100000, 0x0000000082100000| Untracked 
|   4|0x0000000082200000, 0x0000000082300000, 0x0000000082300000|100%| O|  |TAMS 0x0000000082200000, 0x0000000082200000| Untracked 
|   5|0x0000000082300000, 0x0000000082400000, 0x0000000082400000|100%| O|  |TAMS 0x0000000082300000, 0x0000000082300000| Untracked 
|   6|0x0000000082400000, 0x0000000082438200, 0x0000000082500000| 21%| O|  |TAMS 0x0000000082400000, 0x0000000082400000| Untracked 
|   7|0x0000000082500000, 0x0000000082500000, 0x0000000082600000|  0%| F|  |TAMS 0x0000000082500000, 0x0000000082500000| Untracked 
|   8|0x0000000082600000, 0x0000000082600000, 0x0000000082700000|  0%| F|  |TAMS 0x0000000082600000, 0x0000000082600000| Untracked 
|   9|0x0000000082700000, 0x0000000082700000, 0x0000000082800000|  0%| F|  |TAMS 0x0000000082700000, 0x0000000082700000| Untracked 
|  10|0x0000000082800000, 0x0000000082800000, 0x0000000082900000|  0%| F|  |TAMS 0x0000000082800000, 0x0000000082800000| Untracked 
|  11|0x0000000082900000, 0x0000000082900000, 0x0000000082a00000|  0%| F|  |TAMS 0x0000000082900000, 0x0000000082900000| Untracked 
|  12|0x0000000082a00000, 0x0000000082a00000, 0x0000000082b00000|  0%| F|  |TAMS 0x0000000082a00000, 0x0000000082a00000| Untracked 
|  13|0x0000000082b00000, 0x0000000082b00000, 0x0000000082c00000|  0%| F|  |TAMS 0x0000000082b00000, 0x0000000082b00000| Untracked 
|  14|0x0000000082c00000, 0x0000000082c00000, 0x0000000082d00000|  0%| F|  |TAMS 0x0000000082c00000, 0x0000000082c00000| Untracked 
|  15|0x0000000082d00000, 0x0000000082d00000, 0x0000000082e00000|  0%| F|  |TAMS 0x0000000082d00000, 0x0000000082d00000| Untracked 
|  16|0x0000000082e00000, 0x0000000082e00000, 0x0000000082f00000|  0%| F|  |TAMS 0x0000000082e00000, 0x0000000082e00000| Untracked 
|  17|0x0000000082f00000, 0x0000000082f00000, 0x0000000083000000|  0%| F|  |TAMS 0x0000000082f00000, 0x0000000082f00000| Untracked 
|  18|0x0000000083000000, 0x0000000083000000, 0x0000000083100000|  0%| F|  |TAMS 0x0000000083000000, 0x0000000083000000| Untracked 
|  19|0x0000000083100000, 0x0000000083100000, 0x0000000083200000|  0%| F|  |TAMS 0x0000000083100000, 0x0000000083100000| Untracked 
|  20|0x0000000083200000, 0x0000000083200000, 0x0000000083300000|  0%| F|  |TAMS 0x0000000083200000, 0x0000000083200000| Untracked 
|  21|0x0000000083300000, 0x0000000083300000, 0x0000000083400000|  0%| F|  |TAMS 0x0000000083300000, 0x0000000083300000| Untracked 
|  22|0x0000000083400000, 0x0000000083400000, 0x0000000083500000|  0%| F|  |TAMS 0x0000000083400000, 0x0000000083400000| Untracked 
|  23|0x0000000083500000, 0x0000000083500000, 0x0000000083600000|  0%| F|  |TAMS 0x0000000083500000, 0x0000000083500000| Untracked 
|  24|0x0000000083600000, 0x0000000083600000, 0x0000000083700000|  0%| F|  |TAMS 0x0000000083600000, 0x0000000083600000| Untracked 
|  25|0x0000000083700000, 0x0000000083700000, 0x0000000083800000|  0%| F|  |TAMS 0x0000000083700000, 0x0000000083700000| Untracked 
|  26|0x0000000083800000, 0x0000000083800000, 0x0000000083900000|  0%| F|  |TAMS 0x0000000083800000, 0x0000000083800000| Untracked 
|  27|0x0000000083900000, 0x0000000083900000, 0x0000000083a00000|  0%| F|  |TAMS 0x0000000083900000, 0x0000000083900000| Untracked 
|  28|0x0000000083a00000, 0x0000000083a00000, 0x0000000083b00000|  0%| F|  |TAMS 0x0000000083a00000, 0x0000000083a00000| Untracked 
|  29|0x0000000083b00000, 0x0000000083b00000, 0x0000000083c00000|  0%| F|  |TAMS 0x0000000083b00000, 0x0000000083b00000| Untracked 
|  30|0x0000000083c00000, 0x0000000083c00000, 0x0000000083d00000|  0%| F|  |TAMS 0x0000000083c00000, 0x0000000083c00000| Untracked 
|  31|0x0000000083d00000, 0x0000000083d00000, 0x0000000083e00000|  0%| F|  |TAMS 0x0000000083d00000, 0x0000000083d00000| Untracked 
|  32|0x0000000083e00000, 0x0000000083e00000, 0x0000000083f00000|  0%| F|  |TAMS 0x0000000083e00000, 0x0000000083e00000| Untracked 
|  33|0x0000000083f00000, 0x0000000083f00000, 0x0000000084000000|  0%| F|  |TAMS 0x0000000083f00000, 0x0000000083f00000| Untracked 
|  34|0x0000000084000000, 0x0000000084000000, 0x0000000084100000|  0%| F|  |TAMS 0x0000000084000000, 0x0000000084000000| Untracked 
|  35|0x0000000084100000, 0x0000000084100000, 0x0000000084200000|  0%| F|  |TAMS 0x0000000084100000, 0x0000000084100000| Untracked 
|  36|0x0000000084200000, 0x0000000084200000, 0x0000000084300000|  0%| F|  |TAMS 0x0000000084200000, 0x0000000084200000| Untracked 
|  37|0x0000000084300000, 0x0000000084300000, 0x0000000084400000|  0%| F|  |TAMS 0x0000000084300000, 0x0000000084300000| Untracked 
|  38|0x0000000084400000, 0x0000000084400000, 0x0000000084500000|  0%| F|  |TAMS 0x0000000084400000, 0x0000000084400000| Untracked 
|  39|0x0000000084500000, 0x0000000084500000, 0x0000000084600000|  0%| F|  |TAMS 0x0000000084500000, 0x0000000084500000| Untracked 
|  40|0x0000000084600000, 0x0000000084600000, 0x0000000084700000|  0%| F|  |TAMS 0x0000000084600000, 0x0000000084600000| Untracked 
|  41|0x0000000084700000, 0x0000000084700000, 0x0000000084800000|  0%| F|  |TAMS 0x0000000084700000, 0x0000000084700000| Untracked 
|  42|0x0000000084800000, 0x0000000084800000, 0x0000000084900000|  0%| F|  |TAMS 0x0000000084800000, 0x0000000084800000| Untracked 
|  43|0x0000000084900000, 0x0000000084900000, 0x0000000084a00000|  0%| F|  |TAMS 0x0000000084900000, 0x0000000084900000| Untracked 
|  44|0x0000000084a00000, 0x0000000084a00000, 0x0000000084b00000|  0%| F|  |TAMS 0x0000000084a00000, 0x0000000084a00000| Untracked 
|  45|0x0000000084b00000, 0x0000000084b00000, 0x0000000084c00000|  0%| F|  |TAMS 0x0000000084b00000, 0x0000000084b00000| Untracked 
|  46|0x0000000084c00000, 0x0000000084c00000, 0x0000000084d00000|  0%| F|  |TAMS 0x0000000084c00000, 0x0000000084c00000| Untracked 
|  47|0x0000000084d00000, 0x0000000084d00000, 0x0000000084e00000|  0%| F|  |TAMS 0x0000000084d00000, 0x0000000084d00000| Untracked 
|  48|0x0000000084e00000, 0x0000000084e00000, 0x0000000084f00000|  0%| F|  |TAMS 0x0000000084e00000, 0x0000000084e00000| Untracked 
|  49|0x0000000084f00000, 0x0000000084f00000, 0x0000000085000000|  0%| F|  |TAMS 0x0000000084f00000, 0x0000000084f00000| Untracked 
|  50|0x0000000085000000, 0x0000000085000000, 0x0000000085100000|  0%| F|  |TAMS 0x0000000085000000, 0x0000000085000000| Untracked 
|  51|0x0000000085100000, 0x0000000085100000, 0x0000000085200000|  0%| F|  |TAMS 0x0000000085100000, 0x0000000085100000| Untracked 
|  52|0x0000000085200000, 0x0000000085200000, 0x0000000085300000|  0%| F|  |TAMS 0x0000000085200000, 0x0000000085200000| Untracked 
|  53|0x0000000085300000, 0x0000000085300000, 0x0000000085400000|  0%| F|  |TAMS 0x0000000085300000, 0x0000000085300000| Untracked 
|  54|0x0000000085400000, 0x0000000085400000, 0x0000000085500000|  0%| F|  |TAMS 0x0000000085400000, 0x0000000085400000| Untracked 
|  55|0x0000000085500000, 0x0000000085500000, 0x0000000085600000|  0%| F|  |TAMS 0x0000000085500000, 0x0000000085500000| Untracked 
|  56|0x0000000085600000, 0x0000000085600000, 0x0000000085700000|  0%| F|  |TAMS 0x0000000085600000, 0x0000000085600000| Untracked 
|  57|0x0000000085700000, 0x0000000085700000, 0x0000000085800000|  0%| F|  |TAMS 0x0000000085700000, 0x0000000085700000| Untracked 
|  58|0x0000000085800000, 0x0000000085800000, 0x0000000085900000|  0%| F|  |TAMS 0x0000000085800000, 0x0000000085800000| Untracked 
|  59|0x0000000085900000, 0x0000000085900000, 0x0000000085a00000|  0%| F|  |TAMS 0x0000000085900000, 0x0000000085900000| Untracked 
|  60|0x0000000085a00000, 0x0000000085a00000, 0x0000000085b00000|  0%| F|  |TAMS 0x0000000085a00000, 0x0000000085a00000| Untracked 
|  61|0x0000000085b00000, 0x0000000085b00000, 0x0000000085c00000|  0%| F|  |TAMS 0x0000000085b00000, 0x0000000085b00000| Untracked 
|  62|0x0000000085c00000, 0x0000000085c00000, 0x0000000085d00000|  0%| F|  |TAMS 0x0000000085c00000, 0x0000000085c00000| Untracked 
|  63|0x0000000085d00000, 0x0000000085d00000, 0x0000000085e00000|  0%| F|  |TAMS 0x0000000085d00000, 0x0000000085d00000| Untracked 
|  64|0x0000000085e00000, 0x0000000085e00000, 0x0000000085f00000|  0%| F|  |TAMS 0x0000000085e00000, 0x0000000085e00000| Untracked 
|  65|0x0000000085f00000, 0x0000000085f00000, 0x0000000086000000|  0%| F|  |TAMS 0x0000000085f00000, 0x0000000085f00000| Untracked 
|  66|0x0000000086000000, 0x0000000086000000, 0x0000000086100000|  0%| F|  |TAMS 0x0000000086000000, 0x0000000086000000| Untracked 
|  67|0x0000000086100000, 0x0000000086100000, 0x0000000086200000|  0%| F|  |TAMS 0x0000000086100000, 0x0000000086100000| Untracked 
|  68|0x0000000086200000, 0x0000000086200000, 0x0000000086300000|  0%| F|  |TAMS 0x0000000086200000, 0x0000000086200000| Untracked 
|  69|0x0000000086300000, 0x0000000086300000, 0x0000000086400000|  0%| F|  |TAMS 0x0000000086300000, 0x0000000086300000| Untracked 
|  70|0x0000000086400000, 0x0000000086400000, 0x0000000086500000|  0%| F|  |TAMS 0x0000000086400000, 0x0000000086400000| Untracked 
|  71|0x0000000086500000, 0x0000000086500000, 0x0000000086600000|  0%| F|  |TAMS 0x0000000086500000, 0x0000000086500000| Untracked 
|  72|0x0000000086600000, 0x0000000086600000, 0x0000000086700000|  0%| F|  |TAMS 0x0000000086600000, 0x0000000086600000| Untracked 
|  73|0x0000000086700000, 0x0000000086700000, 0x0000000086800000|  0%| F|  |TAMS 0x0000000086700000, 0x0000000086700000| Untracked 
|  74|0x0000000086800000, 0x0000000086800000, 0x0000000086900000|  0%| F|  |TAMS 0x0000000086800000, 0x0000000086800000| Untracked 
|  75|0x0000000086900000, 0x0000000086900000, 0x0000000086a00000|  0%| F|  |TAMS 0x0000000086900000, 0x0000000086900000| Untracked 
|  76|0x0000000086a00000, 0x0000000086a00000, 0x0000000086b00000|  0%| F|  |TAMS 0x0000000086a00000, 0x0000000086a00000| Untracked 
|  77|0x0000000086b00000, 0x0000000086b00000, 0x0000000086c00000|  0%| F|  |TAMS 0x0000000086b00000, 0x0000000086b00000| Untracked 
|  78|0x0000000086c00000, 0x0000000086c00000, 0x0000000086d00000|  0%| F|  |TAMS 0x0000000086c00000, 0x0000000086c00000| Untracked 
|  79|0x0000000086d00000, 0x0000000086d00000, 0x0000000086e00000|  0%| F|  |TAMS 0x0000000086d00000, 0x0000000086d00000| Untracked 
|  80|0x0000000086e00000, 0x0000000086e00000, 0x0000000086f00000|  0%| F|  |TAMS 0x0000000086e00000, 0x0000000086e00000| Untracked 
|  81|0x0000000086f00000, 0x0000000086f00000, 0x0000000087000000|  0%| F|  |TAMS 0x0000000086f00000, 0x0000000086f00000| Untracked 
|  82|0x0000000087000000, 0x0000000087000000, 0x0000000087100000|  0%| F|  |TAMS 0x0000000087000000, 0x0000000087000000| Untracked 
|  83|0x0000000087100000, 0x0000000087100000, 0x0000000087200000|  0%| F|  |TAMS 0x0000000087100000, 0x0000000087100000| Untracked 
|  84|0x0000000087200000, 0x0000000087200000, 0x0000000087300000|  0%| F|  |TAMS 0x0000000087200000, 0x0000000087200000| Untracked 
|  85|0x0000000087300000, 0x0000000087300000, 0x0000000087400000|  0%| F|  |TAMS 0x0000000087300000, 0x0000000087300000| Untracked 
|  86|0x0000000087400000, 0x0000000087400000, 0x0000000087500000|  0%| F|  |TAMS 0x0000000087400000, 0x0000000087400000| Untracked 
|  87|0x0000000087500000, 0x0000000087500000, 0x0000000087600000|  0%| F|  |TAMS 0x0000000087500000, 0x0000000087500000| Untracked 
|  88|0x0000000087600000, 0x0000000087600000, 0x0000000087700000|  0%| F|  |TAMS 0x0000000087600000, 0x0000000087600000| Untracked 
|  89|0x0000000087700000, 0x0000000087700000, 0x0000000087800000|  0%| F|  |TAMS 0x0000000087700000, 0x0000000087700000| Untracked 
|  90|0x0000000087800000, 0x0000000087800000, 0x0000000087900000|  0%| F|  |TAMS 0x0000000087800000, 0x0000000087800000| Untracked 
|  91|0x0000000087900000, 0x0000000087900000, 0x0000000087a00000|  0%| F|  |TAMS 0x0000000087900000, 0x0000000087900000| Untracked 
|  92|0x0000000087a00000, 0x0000000087a00000, 0x0000000087b00000|  0%| F|  |TAMS 0x0000000087a00000, 0x0000000087a00000| Untracked 
|  93|0x0000000087b00000, 0x0000000087b00000, 0x0000000087c00000|  0%| F|  |TAMS 0x0000000087b00000, 0x0000000087b00000| Untracked 
|  94|0x0000000087c00000, 0x0000000087c00000, 0x0000000087d00000|  0%| F|  |TAMS 0x0000000087c00000, 0x0000000087c00000| Untracked 
|  95|0x0000000087d00000, 0x0000000087d00000, 0x0000000087e00000|  0%| F|  |TAMS 0x0000000087d00000, 0x0000000087d00000| Untracked 
|  96|0x0000000087e00000, 0x0000000087e00000, 0x0000000087f00000|  0%| F|  |TAMS 0x0000000087e00000, 0x0000000087e00000| Untracked 
|  97|0x0000000087f00000, 0x0000000087f00000, 0x0000000088000000|  0%| F|  |TAMS 0x0000000087f00000, 0x0000000087f00000| Untracked 
|  98|0x0000000088000000, 0x0000000088000000, 0x0000000088100000|  0%| F|  |TAMS 0x0000000088000000, 0x0000000088000000| Untracked 
|  99|0x0000000088100000, 0x0000000088100000, 0x0000000088200000|  0%| F|  |TAMS 0x0000000088100000, 0x0000000088100000| Untracked 
| 100|0x0000000088200000, 0x0000000088200000, 0x0000000088300000|  0%| F|  |TAMS 0x0000000088200000, 0x0000000088200000| Untracked 
| 101|0x0000000088300000, 0x0000000088300000, 0x0000000088400000|  0%| F|  |TAMS 0x0000000088300000, 0x0000000088300000| Untracked 
| 102|0x0000000088400000, 0x0000000088400000, 0x0000000088500000|  0%| F|  |TAMS 0x0000000088400000, 0x0000000088400000| Untracked 
| 103|0x0000000088500000, 0x0000000088500000, 0x0000000088600000|  0%| F|  |TAMS 0x0000000088500000, 0x0000000088500000| Untracked 
| 104|0x0000000088600000, 0x0000000088600000, 0x0000000088700000|  0%| F|  |TAMS 0x0000000088600000, 0x0000000088600000| Untracked 
| 105|0x0000000088700000, 0x0000000088700000, 0x0000000088800000|  0%| F|  |TAMS 0x0000000088700000, 0x0000000088700000| Untracked 
| 106|0x0000000088800000, 0x0000000088800000, 0x0000000088900000|  0%| F|  |TAMS 0x0000000088800000, 0x0000000088800000| Untracked 
| 107|0x0000000088900000, 0x0000000088900000, 0x0000000088a00000|  0%| F|  |TAMS 0x0000000088900000, 0x0000000088900000| Untracked 
| 108|0x0000000088a00000, 0x0000000088a00000, 0x0000000088b00000|  0%| F|  |TAMS 0x0000000088a00000, 0x0000000088a00000| Untracked 
| 109|0x0000000088b00000, 0x0000000088b00000, 0x0000000088c00000|  0%| F|  |TAMS 0x0000000088b00000, 0x0000000088b00000| Untracked 
| 110|0x0000000088c00000, 0x0000000088c00000, 0x0000000088d00000|  0%| F|  |TAMS 0x0000000088c00000, 0x0000000088c00000| Untracked 
| 111|0x0000000088d00000, 0x0000000088e00000, 0x0000000088e00000|100%| S|CS|TAMS 0x0000000088d00000, 0x0000000088d00000| Complete 
| 112|0x0000000088e00000, 0x0000000088f00000, 0x0000000088f00000|100%| S|CS|TAMS 0x0000000088e00000, 0x0000000088e00000| Complete 
| 113|0x0000000088f00000, 0x0000000088f00000, 0x0000000089000000|  0%| F|  |TAMS 0x0000000088f00000, 0x0000000088f00000| Untracked 
| 114|0x0000000089000000, 0x0000000089000000, 0x0000000089100000|  0%| F|  |TAMS 0x0000000089000000, 0x0000000089000000| Untracked 
| 115|0x0000000089100000, 0x0000000089100000, 0x0000000089200000|  0%| F|  |TAMS 0x0000000089100000, 0x0000000089100000| Untracked 
| 116|0x0000000089200000, 0x0000000089200000, 0x0000000089300000|  0%| F|  |TAMS 0x0000000089200000, 0x0000000089200000| Untracked 
| 117|0x0000000089300000, 0x0000000089300000, 0x0000000089400000|  0%| F|  |TAMS 0x0000000089300000, 0x0000000089300000| Untracked 
| 118|0x0000000089400000, 0x0000000089400000, 0x0000000089500000|  0%| F|  |TAMS 0x0000000089400000, 0x0000000089400000| Untracked 
| 119|0x0000000089500000, 0x0000000089500000, 0x0000000089600000|  0%| F|  |TAMS 0x0000000089500000, 0x0000000089500000| Untracked 
| 120|0x0000000089600000, 0x0000000089600000, 0x0000000089700000|  0%| F|  |TAMS 0x0000000089600000, 0x0000000089600000| Untracked 
| 121|0x0000000089700000, 0x0000000089700000, 0x0000000089800000|  0%| F|  |TAMS 0x0000000089700000, 0x0000000089700000| Untracked 
| 122|0x0000000089800000, 0x0000000089800000, 0x0000000089900000|  0%| F|  |TAMS 0x0000000089800000, 0x0000000089800000| Untracked 
| 123|0x0000000089900000, 0x0000000089a00000, 0x0000000089a00000|100%| E|  |TAMS 0x0000000089900000, 0x0000000089900000| Complete 
| 124|0x0000000089a00000, 0x0000000089b00000, 0x0000000089b00000|100%| E|CS|TAMS 0x0000000089a00000, 0x0000000089a00000| Complete 
| 125|0x0000000089b00000, 0x0000000089c00000, 0x0000000089c00000|100%| E|CS|TAMS 0x0000000089b00000, 0x0000000089b00000| Complete 
| 126|0x0000000089c00000, 0x0000000089d00000, 0x0000000089d00000|100%| E|CS|TAMS 0x0000000089c00000, 0x0000000089c00000| Complete 
| 127|0x0000000089d00000, 0x0000000089e00000, 0x0000000089e00000|100%| E|CS|TAMS 0x0000000089d00000, 0x0000000089d00000| Complete 

Card table byte_map: [0x00000230709b0000,0x0000023070db0000] _byte_map_base: 0x00000230705a1000

Marking Bits (Prev, Next): (CMBitMap*) 0x0000023059d587f0, (CMBitMap*) 0x0000023059d58830
 Prev Bits: [0x00000230711b0000, 0x0000023073138000)
 Next Bits: [0x0000023073140000, 0x00000230750c8000)

Polling page: 0x0000023057c90000

Metaspace:

Usage:
  Non-class:     11.38 MB used.
      Class:      1.61 MB used.
       Both:     12.99 MB used.

Virtual space:
  Non-class space:       64.00 MB reserved,      11.50 MB ( 18%) committed,  1 nodes.
      Class space:        1.00 GB reserved,       1.69 MB ( <1%) committed,  1 nodes.
             Both:        1.06 GB reserved,      13.19 MB (  1%) committed. 

Chunk freelists:
   Non-Class:  4.33 MB
       Class:  14.20 MB
        Both:  18.53 MB

MaxMetaspaceSize: unlimited
CompressedClassSpaceSize: 1.00 GB
Initial GC threshold: 21.00 MB
Current GC threshold: 21.00 MB
CDS: on
MetaspaceReclaimPolicy: balanced
 - commit_granule_bytes: 65536.
 - commit_granule_words: 8192.
 - virtual_space_node_default_size: 8388608.
 - enlarge_chunks_in_place: 1.
 - new_chunks_are_fully_committed: 0.
 - uncommit_free_chunks: 1.
 - use_allocation_guard: 0.
 - handle_deallocations: 1.


Internal statistics:

num_allocs_failed_limit: 0.
num_arena_births: 204.
num_arena_deaths: 0.
num_vsnodes_births: 2.
num_vsnodes_deaths: 0.
num_space_committed: 211.
num_space_uncommitted: 0.
num_chunks_returned_to_freelist: 0.
num_chunks_taken_from_freelist: 517.
num_chunk_merges: 0.
num_chunk_splits: 317.
num_chunks_enlarged: 215.
num_purges: 0.
num_inconsistent_stats: 0.

CodeHeap 'non-profiled nmethods': size=120000Kb used=513Kb max_used=513Kb free=119486Kb
 bounds [0x0000023069080000, 0x00000230692f0000, 0x00000230705b0000]
CodeHeap 'profiled nmethods': size=120000Kb used=3234Kb max_used=3234Kb free=116765Kb
 bounds [0x00000230615b0000, 0x00000230618e0000, 0x0000023068ae0000]
CodeHeap 'non-nmethods': size=5760Kb used=1225Kb max_used=1239Kb free=4534Kb
 bounds [0x0000023068ae0000, 0x0000023068d50000, 0x0000023069080000]
 total_blobs=2225 nmethods=1698 adapters=439
 compilation: enabled
              stopped_count=0, restarted_count=0
 full_count=0

Compilation events (20 events):
Event: 5.683 Thread 0x000002307756eea0 1680       3       com.google.common.base.Splitter$1$1::separatorEnd (4 bytes)
Event: 5.684 Thread 0x000002307756eea0 nmethod 1680 0x00000230618d0e90 code [0x00000230618d1020, 0x00000230618d1138]
Event: 5.684 Thread 0x000002307756eea0 1681       3       com.google.common.base.AbstractIterator::next (37 bytes)
Event: 5.684 Thread 0x000002307756eea0 nmethod 1681 0x00000230618d1210 code [0x00000230618d13e0, 0x00000230618d1738]
Event: 5.684 Thread 0x000002307756eea0 1678       1       java.lang.invoke.MethodHandleImpl$AsVarargsCollector::getTarget (5 bytes)
Event: 5.684 Thread 0x000002307756eea0 nmethod 1678 0x00000230690ff690 code [0x00000230690ff820, 0x00000230690ff8f8]
Event: 5.684 Thread 0x000002307756eea0 1682       3       jdk.internal.jimage.ImageReader::verifyLocation (14 bytes)
Event: 5.684 Thread 0x000002307756eea0 nmethod 1682 0x00000230618d1890 code [0x00000230618d1a60, 0x00000230618d1d98]
Event: 5.684 Thread 0x000002307756eea0 1684       3       jdk.internal.jimage.ImageLocation::verify (218 bytes)
Event: 5.686 Thread 0x000002307756eea0 nmethod 1684 0x00000230618d1f10 code [0x00000230618d21c0, 0x00000230618d2f38]
Event: 5.686 Thread 0x000002307756eea0 1683       3       jdk.internal.jimage.BasicImageReader::verifyLocation (39 bytes)
Event: 5.686 Thread 0x000002307756eea0 nmethod 1683 0x00000230618d3490 code [0x00000230618d3660, 0x00000230618d3928]
Event: 5.686 Thread 0x000002307756eea0 1687       3       java.lang.Character::isJavaIdentifierPart (9 bytes)
Event: 5.687 Thread 0x000002307756eea0 nmethod 1687 0x00000230618d3a90 code [0x00000230618d3c40, 0x00000230618d3e38]
Event: 5.687 Thread 0x000002307756eea0 1688       3       java.lang.CharacterDataLatin1::isJavaIdentifierPart (20 bytes)
Event: 5.687 Thread 0x000002307756eea0 nmethod 1688 0x00000230618d3f10 code [0x00000230618d40c0, 0x00000230618d42b8]
Event: 5.687 Thread 0x000002307756eea0 1685       3       jdk.internal.module.SystemModuleFinders$SystemModuleReader::containsImageLocation (42 bytes)
Event: 5.688 Thread 0x000002307756eea0 nmethod 1685 0x00000230618d4410 code [0x00000230618d4620, 0x00000230618d4cb8]
Event: 5.688 Thread 0x000002307756eea0 1689       3       java.lang.Class$Atomic::casReflectionData (13 bytes)
Event: 5.688 Thread 0x000002307756eea0 nmethod 1689 0x00000230618d4f10 code [0x00000230618d50a0, 0x00000230618d51f8]

GC Heap History (4 events):
Event: 2.494 GC heap before
{Heap before GC invocations=0 (full 0):
 garbage-first heap   total 131072K, used 16384K [0x0000000081e00000, 0x0000000100000000)
  region size 1024K, 13 young (13312K), 0 survivors (0K)
 Metaspace       used 5563K, committed 5760K, reserved 1114112K
  class space    used 678K, committed 768K, reserved 1048576K
}
Event: 2.502 GC heap after
{Heap after GC invocations=1 (full 0):
 garbage-first heap   total 131072K, used 6304K [0x0000000081e00000, 0x0000000100000000)
  region size 1024K, 2 young (2048K), 2 survivors (2048K)
 Metaspace       used 5563K, committed 5760K, reserved 1114112K
  class space    used 678K, committed 768K, reserved 1048576K
}
Event: 3.584 GC heap before
{Heap before GC invocations=1 (full 0):
 garbage-first heap   total 131072K, used 19616K [0x0000000081e00000, 0x0000000100000000)
  region size 1024K, 15 young (15360K), 2 survivors (2048K)
 Metaspace       used 11593K, committed 11904K, reserved 1114112K
  class space    used 1401K, committed 1536K, reserved 1048576K
}
Event: 3.592 GC heap after
{Heap after GC invocations=2 (full 0):
 garbage-first heap   total 131072K, used 8416K [0x0000000081e00000, 0x0000000100000000)
  region size 1024K, 2 young (2048K), 2 survivors (2048K)
 Metaspace       used 11593K, committed 11904K, reserved 1114112K
  class space    used 1401K, committed 1536K, reserved 1048576K
}

Deoptimization events (20 events):
Event: 3.367 Thread 0x0000023059cfe830 Uncommon trap: trap_request=0xffffffde fr.pc=0x00000230690f0034 relative=0x0000000000000114
Event: 3.367 Thread 0x0000023059cfe830 Uncommon trap: reason=class_check action=maybe_recompile pc=0x00000230690f0034 method=jdk.internal.misc.Unsafe.allocateUninitializedArray(Ljava/lang/Class;I)Ljava/lang/Object; @ 51 c2
Event: 3.367 Thread 0x0000023059cfe830 DEOPT PACKING pc=0x00000230690f0034 sp=0x000000ebbd2fc070
Event: 3.367 Thread 0x0000023059cfe830 DEOPT UNPACKING pc=0x0000023068b323a3 sp=0x000000ebbd2fbff8 mode 2
Event: 3.367 Thread 0x0000023059cfe830 Uncommon trap: trap_request=0xffffffde fr.pc=0x00000230690f0034 relative=0x0000000000000114
Event: 3.367 Thread 0x0000023059cfe830 Uncommon trap: reason=class_check action=maybe_recompile pc=0x00000230690f0034 method=jdk.internal.misc.Unsafe.allocateUninitializedArray(Ljava/lang/Class;I)Ljava/lang/Object; @ 51 c2
Event: 3.367 Thread 0x0000023059cfe830 DEOPT PACKING pc=0x00000230690f0034 sp=0x000000ebbd2fbe80
Event: 3.367 Thread 0x0000023059cfe830 DEOPT UNPACKING pc=0x0000023068b323a3 sp=0x000000ebbd2fbe08 mode 2
Event: 3.367 Thread 0x0000023059cfe830 Uncommon trap: trap_request=0xffffffde fr.pc=0x00000230690f0034 relative=0x0000000000000114
Event: 3.367 Thread 0x0000023059cfe830 Uncommon trap: reason=class_check action=maybe_recompile pc=0x00000230690f0034 method=jdk.internal.misc.Unsafe.allocateUninitializedArray(Ljava/lang/Class;I)Ljava/lang/Object; @ 51 c2
Event: 3.367 Thread 0x0000023059cfe830 DEOPT PACKING pc=0x00000230690f0034 sp=0x000000ebbd2fbbd0
Event: 3.368 Thread 0x0000023059cfe830 DEOPT UNPACKING pc=0x0000023068b323a3 sp=0x000000ebbd2fbb58 mode 2
Event: 3.419 Thread 0x0000023059cfe830 DEOPT PACKING pc=0x00000230617f856a sp=0x000000ebbd2f8ef0
Event: 3.419 Thread 0x0000023059cfe830 DEOPT UNPACKING pc=0x0000023068b32b43 sp=0x000000ebbd2f8400 mode 0
Event: 3.666 Thread 0x000002307c4890d0 Uncommon trap: trap_request=0xffffff45 fr.pc=0x00000230690cada8 relative=0x0000000000000b88
Event: 3.666 Thread 0x000002307c4890d0 Uncommon trap: reason=unstable_if action=reinterpret pc=0x00000230690cada8 method=java.util.concurrent.ConcurrentHashMap.addCount(JI)V @ 34 c2
Event: 3.666 Thread 0x000002307c4890d0 DEOPT PACKING pc=0x00000230690cada8 sp=0x000000ebbe7fddc0
Event: 3.666 Thread 0x000002307c4890d0 DEOPT UNPACKING pc=0x0000023068b323a3 sp=0x000000ebbe7fdc80 mode 2
Event: 5.686 Thread 0x0000023059cfe830 DEOPT PACKING pc=0x0000023061616e56 sp=0x000000ebbd2fcf20
Event: 5.686 Thread 0x0000023059cfe830 DEOPT UNPACKING pc=0x0000023068b32b43 sp=0x000000ebbd2fc3c0 mode 0

Classes unloaded (0 events):
No events

Classes redefined (0 events):
No events

Internal exceptions (20 events):
Event: 2.535 Thread 0x0000023059cfe830 Exception <a 'java/lang/NoSuchMethodError'{0x0000000089d603b8}: 'int java.lang.invoke.DirectMethodHandle$Holder.invokeStaticInit(java.lang.Object, java.lang.Object, java.lang.Object, java.lang.Object)'> (0x0000000089d603b8) 
thrown [s\open\src\hotspot\share\interpreter\linkResolver.cpp, line 759]
Event: 2.539 Thread 0x0000023059cfe830 Exception <a 'java/lang/IncompatibleClassChangeError'{0x0000000089d69788}: Found class java.lang.Object, but interface was expected> (0x0000000089d69788) 
thrown [s\open\src\hotspot\share\interpreter\linkResolver.cpp, line 826]
Event: 2.834 Thread 0x0000023059cfe830 Exception <a 'java/lang/NoSuchMethodError'{0x00000000899c74b8}: 'java.lang.Object java.lang.invoke.DirectMethodHandle$Holder.invokeStaticInit(java.lang.Object, int, int, int, int)'> (0x00000000899c74b8) 
thrown [s\open\src\hotspot\share\interpreter\linkResolver.cpp, line 759]
Event: 2.952 Thread 0x0000023059cfe830 Exception <a 'java/lang/NoSuchMethodError'{0x0000000089815a60}: 'java.lang.Object java.lang.invoke.DirectMethodHandle$Holder.invokeStaticInit(java.lang.Object, java.lang.Object, int, int, int, int)'> (0x0000000089815a60) 
thrown [s\open\src\hotspot\share\interpreter\linkResolver.cpp, line 759]
Event: 3.147 Thread 0x0000023059cfe830 Exception <a 'java/lang/NoSuchMethodError'{0x00000000897f0f90}: 'java.lang.Object java.lang.invoke.DirectMethodHandle$Holder.invokeInterface(java.lang.Object, java.lang.Object, java.lang.Object)'> (0x00000000897f0f90) 
thrown [s\open\src\hotspot\share\interpreter\linkResolver.cpp, line 759]
Event: 3.148 Thread 0x0000023059cfe830 Exception <a 'java/lang/IncompatibleClassChangeError'{0x00000000897f4658}: Found class java.lang.Object, but interface was expected> (0x00000000897f4658) 
thrown [s\open\src\hotspot\share\interpreter\linkResolver.cpp, line 826]
Event: 3.151 Thread 0x0000023059cfe830 Exception <a 'java/lang/NoSuchMethodError'{0x00000000897fcc00}: 'int java.lang.invoke.DirectMethodHandle$Holder.invokeSpecialIFC(java.lang.Object, java.lang.Object, java.lang.Object, java.lang.Object)'> (0x00000000897fcc00) 
thrown [s\open\src\hotspot\share\interpreter\linkResolver.cpp, line 759]
Event: 3.167 Thread 0x0000023059cfe830 Exception <a 'java/lang/NoSuchMethodError'{0x0000000089660c78}: 'java.lang.Object java.lang.invoke.DirectMethodHandle$Holder.invokeVirtual(java.lang.Object, java.lang.Object, java.lang.Object, java.lang.Object)'> (0x0000000089660c78) 
thrown [s\open\src\hotspot\share\interpreter\linkResolver.cpp, line 759]
Event: 3.227 Thread 0x000002307c406540 Exception <a 'java/net/ConnectException'{0x00000000896e4398}: Connection refused: no further information> (0x00000000896e4398) 
thrown [s\open\src\hotspot\share\prims\jni.cpp, line 535]
Event: 3.227 Thread 0x000002307c406540 Exception <a 'java/net/SocketException'{0x00000000896e46d0}: Socket is not connected: shutdown> (0x00000000896e46d0) 
thrown [s\open\src\hotspot\share\prims\jni.cpp, line 535]
Event: 3.288 Thread 0x000002307c406540 Exception <a 'java/net/ConnectException'{0x00000000896e56c8}: Connection refused: no further information> (0x00000000896e56c8) 
thrown [s\open\src\hotspot\share\prims\jni.cpp, line 535]
Event: 3.288 Thread 0x000002307c406540 Exception <a 'java/net/SocketException'{0x00000000896e5a00}: Socket is not connected: shutdown> (0x00000000896e5a00) 
thrown [s\open\src\hotspot\share\prims\jni.cpp, line 535]
Event: 3.378 Thread 0x0000023059cfe830 Exception <a 'java/lang/NoSuchMethodError'{0x0000000089409028}: 'java.lang.Object java.lang.invoke.DirectMethodHandle$Holder.newInvokeSpecial(java.lang.Object, java.lang.Object, int, int)'> (0x0000000089409028) 
thrown [s\open\src\hotspot\share\interpreter\linkResolver.cpp, line 759]
Event: 3.379 Thread 0x0000023059cfe830 Exception <a 'java/lang/NoSuchMethodError'{0x0000000089413d70}: 'void java.lang.invoke.DirectMethodHandle$Holder.invokeStatic(java.lang.Object, java.lang.Object, int)'> (0x0000000089413d70) 
thrown [s\open\src\hotspot\share\interpreter\linkResolver.cpp, line 759]
Event: 3.536 Thread 0x0000023059cfe830 Exception <a 'java/lang/NoSuchMethodError'{0x000000008914fff8}: 'void java.lang.invoke.DirectMethodHandle$Holder.invokeSpecial(java.lang.Object, java.lang.Object, java.lang.Object)'> (0x000000008914fff8) 
thrown [s\open\src\hotspot\share\interpreter\linkResolver.cpp, line 759]
Event: 3.600 Thread 0x000002307c53cf00 Exception <a 'java/lang/NoSuchMethodError'{0x0000000089d4f760}: 'java.lang.Object java.lang.invoke.DirectMethodHandle$Holder.invokeSpecial(java.lang.Object, java.lang.Object, java.lang.Object, java.lang.Object, int)'> (0x0000000089d4f760) 
thrown [s\open\src\hotspot\share\interpreter\linkResolver.cpp, line 759]
Event: 3.601 Thread 0x000002307c53cf00 Exception <a 'java/lang/NoSuchMethodError'{0x0000000089d53328}: 'java.lang.Object java.lang.invoke.Invokers$Holder.linkToTargetMethod(java.lang.Object, java.lang.Object, int, java.lang.Object)'> (0x0000000089d53328) 
thrown [s\open\src\hotspot\share\interpreter\linkResolver.cpp, line 759]
Event: 3.643 Thread 0x000002307c53cf00 Exception <a 'java/lang/NoSuchMethodError'{0x0000000089da62d8}: 'void java.lang.invoke.DirectMethodHandle$Holder.invokeSpecial(java.lang.Object, java.lang.Object, java.lang.Object, java.lang.Object, java.lang.Object)'> (0x0000000089da62d8) 
thrown [s\open\src\hotspot\share\interpreter\linkResolver.cpp, line 759]
Event: 5.298 Thread 0x000002307c53c090 Exception <a 'java/lang/NoSuchMethodError'{0x0000000089cb2128}: 'void java.lang.invoke.DirectMethodHandle$Holder.invokeSpecial(java.lang.Object, java.lang.Object, java.lang.Object, java.lang.Object, java.lang.Object, java.lang.Object, java.lang.Object)'> (0x0000000089cb2128) 
thrown [s\open\src\hotspot\share\interpreter\linkResolver.cpp, line 759]
Event: 5.622 Thread 0x0000023059cfe830 Exception <a 'java/lang/NoSuchMethodError'{0x0000000089a7d428}: 'java.lang.Object java.lang.invoke.DirectMethodHandle$Holder.invokeSpecialIFC(java.lang.Object, java.lang.Object, java.lang.Object)'> (0x0000000089a7d428) 
thrown [s\open\src\hotspot\share\interpreter\linkResolver.cpp, line 759]

VM Operations (20 events):
Event: 1.973 Executing VM operation: Cleanup
Event: 1.973 Executing VM operation: Cleanup done
Event: 2.399 Executing VM operation: HandshakeAllThreads
Event: 2.399 Executing VM operation: HandshakeAllThreads done
Event: 2.494 Executing VM operation: G1CollectForAllocation
Event: 2.502 Executing VM operation: G1CollectForAllocation done
Event: 2.683 Executing VM operation: HandshakeAllThreads
Event: 2.683 Executing VM operation: HandshakeAllThreads done
Event: 2.966 Executing VM operation: HandshakeAllThreads
Event: 2.966 Executing VM operation: HandshakeAllThreads done
Event: 3.316 Executing VM operation: HandshakeAllThreads
Event: 3.316 Executing VM operation: HandshakeAllThreads done
Event: 3.317 Executing VM operation: HandshakeAllThreads
Event: 3.318 Executing VM operation: HandshakeAllThreads done
Event: 3.584 Executing VM operation: G1CollectForAllocation
Event: 3.592 Executing VM operation: G1CollectForAllocation done
Event: 4.606 Executing VM operation: Cleanup
Event: 4.606 Executing VM operation: Cleanup done
Event: 5.616 Executing VM operation: Cleanup
Event: 5.617 Executing VM operation: Cleanup done

Events (20 events):
Event: 5.272 loading class java/util/LinkedList$DescendingIterator
Event: 5.272 loading class java/util/LinkedList$DescendingIterator done
Event: 5.279 loading class java/util/stream/ReferencePipeline$5
Event: 5.279 loading class java/util/stream/LongPipeline$StatelessOp
Event: 5.279 loading class java/util/stream/LongPipeline
Event: 5.280 loading class java/util/stream/LongStream
Event: 5.281 loading class java/util/stream/LongStream done
Event: 5.281 loading class java/util/stream/LongPipeline done
Event: 5.281 loading class java/util/stream/LongPipeline$StatelessOp done
Event: 5.281 loading class java/util/stream/ReferencePipeline$5 done
Event: 5.282 loading class java/util/stream/FindOps$FindSink$OfLong
Event: 5.282 loading class java/util/stream/Sink$OfLong
Event: 5.282 loading class java/util/stream/Sink$OfLong done
Event: 5.282 loading class java/util/stream/FindOps$FindSink$OfLong done
Event: 5.282 loading class java/util/OptionalLong
Event: 5.283 loading class java/util/OptionalLong done
Event: 5.285 loading class java/util/stream/ReferencePipeline$5$1
Event: 5.285 loading class java/util/stream/ReferencePipeline$5$1 done
Event: 5.422 loading class java/util/DualPivotQuicksort
Event: 5.423 loading class java/util/DualPivotQuicksort done


Dynamic libraries:
0x00007ff6f8930000 - 0x00007ff6f8940000 	C:\Program Files\Java\jdk-17\bin\java.exe
0x00007ffe60610000 - 0x00007ffe60808000 	C:\Windows\SYSTEM32\ntdll.dll
0x00007ffe60050000 - 0x00007ffe6010d000 	C:\Windows\System32\KERNEL32.DLL
0x00007ffe5dd40000 - 0x00007ffe5e036000 	C:\Windows\System32\KERNELBASE.dll
0x00007ffe5e4a0000 - 0x00007ffe5e5a0000 	C:\Windows\System32\ucrtbase.dll
0x00007ffe5af40000 - 0x00007ffe5af59000 	C:\Program Files\Java\jdk-17\bin\jli.dll
0x00007ffe5af60000 - 0x00007ffe5af7b000 	C:\Program Files\Java\jdk-17\bin\VCRUNTIME140.dll
0x00007ffe5fde0000 - 0x00007ffe5fe8f000 	C:\Windows\System32\ADVAPI32.dll
0x00007ffe601b0000 - 0x00007ffe6024e000 	C:\Windows\System32\msvcrt.dll
0x00007ffe60110000 - 0x00007ffe601ac000 	C:\Windows\System32\sechost.dll
0x00007ffe60380000 - 0x00007ffe604a6000 	C:\Windows\System32\RPCRT4.dll
0x00007ffe5f5a0000 - 0x00007ffe5f73e000 	C:\Windows\System32\USER32.dll
0x00007ffe5e1f0000 - 0x00007ffe5e212000 	C:\Windows\System32\win32u.dll
0x00007ffe5f750000 - 0x00007ffe5f77c000 	C:\Windows\System32\GDI32.dll
0x00007ffe4da80000 - 0x00007ffe4dd1a000 	C:\Windows\WinSxS\amd64_microsoft.windows.common-controls_6595b64144ccf1df_6.0.19041.3636_none_60b6a03d71f818d5\COMCTL32.dll
0x00007ffe5e040000 - 0x00007ffe5e15a000 	C:\Windows\System32\gdi32full.dll
0x00007ffe5e5a0000 - 0x00007ffe5e63d000 	C:\Windows\System32\msvcp_win.dll
0x00007ffe524a0000 - 0x00007ffe524aa000 	C:\Windows\SYSTEM32\VERSION.dll
0x00007ffe5e7a0000 - 0x00007ffe5e7d0000 	C:\Windows\System32\IMM32.DLL
0x00007ffe57ea0000 - 0x00007ffe57eac000 	C:\Program Files\Java\jdk-17\bin\vcruntime140_1.dll
0x00007ffe44a40000 - 0x00007ffe44ace000 	C:\Program Files\Java\jdk-17\bin\msvcp140.dll
0x00007ffddc020000 - 0x00007ffddcbfe000 	C:\Program Files\Java\jdk-17\bin\server\jvm.dll
0x00007ffe5f740000 - 0x00007ffe5f748000 	C:\Windows\System32\PSAPI.DLL
0x00007ffe55af0000 - 0x00007ffe55af9000 	C:\Windows\SYSTEM32\WSOCK32.dll
0x00007ffe5fe90000 - 0x00007ffe5fefb000 	C:\Windows\System32\WS2_32.dll
0x00007ffe491d0000 - 0x00007ffe491f7000 	C:\Windows\SYSTEM32\WINMM.dll
0x00007ffe5bbb0000 - 0x00007ffe5bbc2000 	C:\Windows\SYSTEM32\kernel.appcore.dll
0x00007ffe57e90000 - 0x00007ffe57e9a000 	C:\Program Files\Java\jdk-17\bin\jimage.dll
0x00007ffe570e0000 - 0x00007ffe572c4000 	C:\Windows\SYSTEM32\DBGHELP.DLL
0x00007ffe56760000 - 0x00007ffe56794000 	C:\Windows\SYSTEM32\dbgcore.DLL
0x00007ffe5e160000 - 0x00007ffe5e1e2000 	C:\Windows\System32\bcryptPrimitives.dll
0x00007ffe57330000 - 0x00007ffe5733e000 	C:\Program Files\Java\jdk-17\bin\instrument.dll
0x00007ffe50ef0000 - 0x00007ffe50f15000 	C:\Program Files\Java\jdk-17\bin\java.dll
0x00007ffe41ea0000 - 0x00007ffe41f77000 	C:\Program Files\Java\jdk-17\bin\jsvml.dll
0x00007ffe5e7d0000 - 0x00007ffe5ef14000 	C:\Windows\System32\SHELL32.dll
0x00007ffe5bdb0000 - 0x00007ffe5c54b000 	C:\Windows\SYSTEM32\windows.storage.dll
0x00007ffe5f810000 - 0x00007ffe5fb64000 	C:\Windows\System32\combase.dll
0x00007ffe5d730000 - 0x00007ffe5d75d000 	C:\Windows\SYSTEM32\Wldp.dll
0x00007ffe602d0000 - 0x00007ffe6037d000 	C:\Windows\System32\SHCORE.dll
0x00007ffe5ef20000 - 0x00007ffe5ef75000 	C:\Windows\System32\shlwapi.dll
0x00007ffe5dc20000 - 0x00007ffe5dc45000 	C:\Windows\SYSTEM32\profapi.dll
0x00007ffe4df90000 - 0x00007ffe4dfa8000 	C:\Program Files\Java\jdk-17\bin\zip.dll
0x00007ffe4df70000 - 0x00007ffe4df89000 	C:\Program Files\Java\jdk-17\bin\net.dll
0x00007ffe55be0000 - 0x00007ffe55cea000 	C:\Windows\SYSTEM32\WINHTTP.dll
0x00007ffe5d490000 - 0x00007ffe5d4fa000 	C:\Windows\system32\mswsock.dll
0x00007ffe47fa0000 - 0x00007ffe47fb6000 	C:\Program Files\Java\jdk-17\bin\nio.dll
0x00007ffe46ac0000 - 0x00007ffe46ada000 	C:\Program Files\JetBrains\IntelliJ IDEA Community Edition 2023.2.2\bin\breakgen64.dll
0x00007ffe57320000 - 0x00007ffe57330000 	C:\Program Files\Java\jdk-17\bin\verify.dll
0x00007ffe5d180000 - 0x00007ffe5d24a000 	C:\Windows\SYSTEM32\DNSAPI.dll
0x00007ffe5d130000 - 0x00007ffe5d16b000 	C:\Windows\SYSTEM32\IPHLPAPI.DLL
0x00007ffe5ffe0000 - 0x00007ffe5ffe8000 	C:\Windows\System32\NSI.dll
0x00007ffe54170000 - 0x00007ffe5417a000 	C:\Windows\System32\rasadhlp.dll
0x00007ffe54980000 - 0x00007ffe54a00000 	C:\Windows\System32\fwpuclnt.dll
0x00007ffe5e640000 - 0x00007ffe5e667000 	C:\Windows\System32\bcrypt.dll
0x00007ffe5d690000 - 0x00007ffe5d6a8000 	C:\Windows\SYSTEM32\CRYPTSP.dll
0x00007ffe5cd50000 - 0x00007ffe5cd84000 	C:\Windows\system32\rsaenh.dll
0x00007ffe5dbe0000 - 0x00007ffe5dc0e000 	C:\Windows\SYSTEM32\USERENV.dll
0x00007ffe5d680000 - 0x00007ffe5d68c000 	C:\Windows\SYSTEM32\CRYPTBASE.dll
0x00007ffe565d0000 - 0x00007ffe565e7000 	C:\Windows\SYSTEM32\dhcpcsvc6.DLL
0x00007ffe570c0000 - 0x00007ffe570dd000 	C:\Windows\SYSTEM32\dhcpcsvc.DLL
0x00007ffe50e50000 - 0x00007ffe50e5e000 	C:\Program Files\Java\jdk-17\bin\sunmscapi.dll
0x00007ffe5e220000 - 0x00007ffe5e37d000 	C:\Windows\System32\CRYPT32.dll
0x00007ffe5d7a0000 - 0x00007ffe5d7c7000 	C:\Windows\SYSTEM32\ncrypt.dll
0x00007ffe5d760000 - 0x00007ffe5d79b000 	C:\Windows\SYSTEM32\NTASN1.dll
0x00007ffe48220000 - 0x00007ffe48227000 	C:\Windows\system32\wshunix.dll

dbghelp: loaded successfully - version: 4.0.5 - missing functions: none
symbol engine: initialized successfully - sym options: 0x614 - pdb path: .;C:\Program Files\Java\jdk-17\bin;C:\Windows\SYSTEM32;C:\Windows\WinSxS\amd64_microsoft.windows.common-controls_6595b64144ccf1df_6.0.19041.3636_none_60b6a03d71f818d5;C:\Program Files\Java\jdk-17\bin\server;C:\Program Files\JetBrains\IntelliJ IDEA Community Edition 2023.2.2\bin

VM Arguments:
jvm_args: -ea -Didea.test.cyclic.buffer.size=1048576 -javaagent:C:\Program Files\JetBrains\IntelliJ IDEA Community Edition 2023.2.2\lib\idea_rt.jar=49494:C:\Program Files\JetBrains\IntelliJ IDEA Community Edition 2023.2.2\bin -Dfile.encoding=UTF-8 
java_command: com.intellij.rt.junit.JUnitStarter -ideVersion5 -junit4 testsuite.LoginTest,userSholdLoginSuccessfullyWithValid
java_class_path (initial): C:\Program Files\JetBrains\IntelliJ IDEA Community Edition 2023.2.2\lib\idea_rt.jar;C:\Program Files\JetBrains\IntelliJ IDEA Community Edition 2023.2.2\plugins\junit\lib\junit5-rt.jar;C:\Program Files\JetBrains\IntelliJ IDEA Community Edition 2023.2.2\plugins\junit\lib\junit-rt.jar;C:\Users\Vishal\IdeaProjects\com-saucedemo-sw-2\out\production\com-saucedemo-sw-2;C:\Users\Vishal\IdeaProjects\com-saucedemo-sw-2\jars\hamcrest-core-1.3.jar;C:\Users\Vishal\IdeaProjects\com-saucedemo-sw-2\jars\junit-4.13.2.jar;C:\Users\Vishal\IdeaProjects\com-saucedemo-sw-2\jars\selenium-server-4.15.0.jar
Launcher Type: SUN_STANDARD

[Global flags]
     intx CICompilerCount                          = 3                                         {product} {ergonomic}
     uint ConcGCThreads                            = 1                                         {product} {ergonomic}
     uint G1ConcRefinementThreads                  = 4                                         {product} {ergonomic}
   size_t G1HeapRegionSize                         = 1048576                                   {product} {ergonomic}
    uintx GCDrainStackTargetSize                   = 64                                        {product} {ergonomic}
   size_t InitialHeapSize                          = 134217728                                 {product} {ergonomic}
   size_t MarkStackSize                            = 4194304                                   {product} {ergonomic}
   size_t MaxHeapSize                              = 2116026368                                {product} {ergonomic}
   size_t MaxNewSize                               = 1268776960                                {product} {ergonomic}
   size_t MinHeapDeltaBytes                        = 1048576                                   {product} {ergonomic}
   size_t MinHeapSize                              = 8388608                                   {product} {ergonomic}
    uintx NonNMethodCodeHeapSize                   = 5832780                                {pd product} {ergonomic}
    uintx NonProfiledCodeHeapSize                  = 122912730                              {pd product} {ergonomic}
    uintx ProfiledCodeHeapSize                     = 122912730                              {pd product} {ergonomic}
    uintx ReservedCodeCacheSize                    = 251658240                              {pd product} {ergonomic}
     bool SegmentedCodeCache                       = true                                      {product} {ergonomic}
   size_t SoftMaxHeapSize                          = 2116026368                             {manageable} {ergonomic}
     bool UseCompressedClassPointers               = true                           {product lp64_product} {ergonomic}
     bool UseCompressedOops                        = true                           {product lp64_product} {ergonomic}
     bool UseG1GC                                  = true                                      {product} {ergonomic}
     bool UseLargePagesIndividualAllocation        = false                                  {pd product} {ergonomic}

Logging:
Log output configuration:
 #0: stdout all=warning uptime,level,tags
 #1: stderr all=off uptime,level,tags

Environment Variables:
JAVA_HOME=C:\Program Files\Java\jdk-17
PATH=C:\Program Files\Common Files\Oracle\Java\javapath;C:\Program Files (x86)\Intel\iCLS Client\;C:\Program Files\Intel\iCLS Client\;C:\Windows\system32;C:\Windows;C:\Windows\System32\Wbem;C:\Windows\System32\WindowsPowerShell\v1.0\;C:\Windows\System32\OpenSSH\;C:\Program Files\Intel\Intel(R) Management Engine Components\DAL;C:\Program Files (x86)\Intel\Intel(R) Management Engine Components\DAL;C:\Program Files\Intel\Intel(R) Management Engine Components\IPT;C:\Program Files (x86)\Intel\Intel(R) Management Engine Components\IPT;C:\Program Files\Java\jdk-19\bin;C:\Program Files\Java\jdk-17\bin;C:\Program Files\Git\cmd;C:\Users\Vishal\AppData\Local\Microsoft\WindowsApps;
USERNAME=Vishal
OS=Windows_NT
PROCESSOR_IDENTIFIER=Intel64 Family 6 Model 58 Stepping 9, GenuineIntel



---------------  S Y S T E M  ---------------

OS:
 Windows 10 , 64 bit Build 19041 (10.0.19041.3636)
OS uptime: 2 days 3:53 hours

CPU: total 4 (initial active 4) (2 cores per cpu, 2 threads per core) family 6 model 58 stepping 9 microcode 0x21, cx8, cmov, fxsr, ht, mmx, sse, sse2, sse3, ssse3, sse4.1, sse4.2, popcnt, tsc, tscinvbit, avx, aes, erms, clmul, vzeroupper, clflush

Memory: 4k page, system-wide physical 8066M (671M free)
TotalPageFile size 21187M (AvailPageFile size 3M)
current process WorkingSet (physical memory assigned to process): 87M, peak: 87M
current process commit charge ("private bytes"): 226M, peak: 226M

vm_info: Java HotSpot(TM) 64-Bit Server VM (17.0.8+9-LTS-211) for windows-amd64 JRE (17.0.8+9-LTS-211), built on Jun 14 2023 10:34:31 by "mach5one" with MS VC++ 17.1 (VS2022)

END.
